c:\users\abdu\desktop\final_project\final_project\final_project\x64\debug\vc143.pdb
c:\users\abdu\desktop\final_project\final_project\final_project\x64\debug\vc143.idb
c:\users\abdu\desktop\final_project\final_project\final_project\x64\debug\main.obj
c:\users\abdu\desktop\final_project\final_project\final_project\x64\debug\login.obj
c:\users\abdu\desktop\final_project\final_project\final_project\x64\debug\db_manager.obj
c:\users\abdu\desktop\final_project\final_project\final_project\x64\debug\create_account.obj
c:\users\abdu\desktop\final_project\final_project\final_project\x64\debug\course_reg.obj
c:\users\abdu\desktop\final_project\final_project\final_project\x64\debug\backend.obj
c:\users\abdu\desktop\final_project\final_project\final_project\x64\debug\app.obj
c:\users\abdu\desktop\final_project\final_project\final_project\x64\debug\tests.obj
c:\users\abdu\desktop\final_project\final_project\x64\debug\final_project.exe
c:\users\abdu\desktop\final_project\final_project\x64\debug\final_project.pdb
c:\users\abdu\desktop\final_project\final_project\final_project\x64\debug\final_project.ilk
c:\users\abdu\desktop\final_project\final_project\final_project\x64\debug\final_project.tlog\cl.command.1.tlog
c:\users\abdu\desktop\final_project\final_project\final_project\x64\debug\final_project.tlog\cl.items.tlog
c:\users\abdu\desktop\final_project\final_project\final_project\x64\debug\final_project.tlog\cl.read.1.tlog
c:\users\abdu\desktop\final_project\final_project\final_project\x64\debug\final_project.tlog\cl.write.1.tlog
c:\users\abdu\desktop\final_project\final_project\final_project\x64\debug\final_project.tlog\link.command.1.tlog
c:\users\abdu\desktop\final_project\final_project\final_project\x64\debug\final_project.tlog\link.read.1.tlog
c:\users\abdu\desktop\final_project\final_project\final_project\x64\debug\final_project.tlog\link.secondary.1.tlog
c:\users\abdu\desktop\final_project\final_project\final_project\x64\debug\final_project.tlog\link.write.1.tlog
